[debug] [2025-03-22T00:44:05.530Z] ----------------------------------------------------------------------
[debug] [2025-03-22T00:44:05.533Z] Command:       C:\program files (x86)\nodejs\node.exe c:\program files (x86)\nodejs\node_modules\firebase-tools\lib\bin\firebase.js deploy
[debug] [2025-03-22T00:44:05.533Z] CLI Version:   13.29.2
[debug] [2025-03-22T00:44:05.533Z] Platform:      win32
[debug] [2025-03-22T00:44:05.533Z] Node Version:  v22.13.1
[debug] [2025-03-22T00:44:05.534Z] Time:          Sat Mar 22 2025 08:44:05 GMT+0800 (China Standard Time)
[debug] [2025-03-22T00:44:05.534Z] ----------------------------------------------------------------------
[debug] 
[debug] [2025-03-22T00:44:05.721Z] Object "/storage" in "firebase.json" is missing required property: {"missingProperty":"rules"}
[debug] [2025-03-22T00:44:05.722Z] Field "/storage" in "firebase.json" is possibly invalid: must be array
[debug] [2025-03-22T00:44:05.722Z] Field "/storage" in "firebase.json" is possibly invalid: must match a schema in anyOf
[debug] [2025-03-22T00:44:05.726Z] > command requires scopes: ["email","openid","https://www.googleapis.com/auth/cloudplatformprojects.readonly","https://www.googleapis.com/auth/firebase","https://www.googleapis.com/auth/cloud-platform"]
[debug] [2025-03-22T00:44:05.726Z] > authorizing via signed-in user (danmossesgeld@gmail.com)
[debug] [2025-03-22T00:44:05.726Z] [iam] checking project svelte-shop-b36e0 for permissions ["datastore.indexes.create","datastore.indexes.delete","datastore.indexes.list","datastore.indexes.update","firebase.projects.get","firebasehosting.sites.update","firebaserules.releases.create","firebaserules.releases.update","firebaserules.rulesets.create"]
[debug] [2025-03-22T00:44:05.727Z] Checked if tokens are valid: true, expires at: 1742607775307
[debug] [2025-03-22T00:44:05.727Z] Checked if tokens are valid: true, expires at: 1742607775307
[debug] [2025-03-22T00:44:05.728Z] >>> [apiv2][query] POST https://cloudresourcemanager.googleapis.com/v1/projects/svelte-shop-b36e0:testIamPermissions [none]
[debug] [2025-03-22T00:44:05.728Z] >>> [apiv2][(partial)header] POST https://cloudresourcemanager.googleapis.com/v1/projects/svelte-shop-b36e0:testIamPermissions x-goog-quota-user=projects/svelte-shop-b36e0
[debug] [2025-03-22T00:44:05.728Z] >>> [apiv2][body] POST https://cloudresourcemanager.googleapis.com/v1/projects/svelte-shop-b36e0:testIamPermissions {"permissions":["datastore.indexes.create","datastore.indexes.delete","datastore.indexes.list","datastore.indexes.update","firebase.projects.get","firebasehosting.sites.update","firebaserules.releases.create","firebaserules.releases.update","firebaserules.rulesets.create"]}
[debug] [2025-03-22T00:44:06.977Z] <<< [apiv2][status] POST https://cloudresourcemanager.googleapis.com/v1/projects/svelte-shop-b36e0:testIamPermissions 200
[debug] [2025-03-22T00:44:06.977Z] <<< [apiv2][body] POST https://cloudresourcemanager.googleapis.com/v1/projects/svelte-shop-b36e0:testIamPermissions {"permissions":["datastore.indexes.create","datastore.indexes.delete","datastore.indexes.list","datastore.indexes.update","firebase.projects.get","firebasehosting.sites.update","firebaserules.releases.create","firebaserules.releases.update","firebaserules.rulesets.create"]}
[debug] [2025-03-22T00:44:06.977Z] Checked if tokens are valid: true, expires at: 1742607775307
[debug] [2025-03-22T00:44:06.977Z] Checked if tokens are valid: true, expires at: 1742607775307
[debug] [2025-03-22T00:44:06.978Z] >>> [apiv2][query] GET https://firebase.googleapis.com/v1beta1/projects/svelte-shop-b36e0 [none]
[debug] [2025-03-22T00:44:07.585Z] <<< [apiv2][status] GET https://firebase.googleapis.com/v1beta1/projects/svelte-shop-b36e0 200
[debug] [2025-03-22T00:44:07.585Z] <<< [apiv2][body] GET https://firebase.googleapis.com/v1beta1/projects/svelte-shop-b36e0 {"projectId":"svelte-shop-b36e0","projectNumber":"211408796842","displayName":"svelte-shop","name":"projects/svelte-shop-b36e0","resources":{"hostingSite":"svelte-shop-b36e0"},"state":"ACTIVE","etag":"1_88cc910c-2bf4-48f4-bdff-1dc45b44f346"}
[info] 
[info] === Deploying to 'svelte-shop-b36e0'...
[info] 
[info] i  deploying storage, firestore, hosting 
[info] i  storage: ensuring required API firebasestorage.googleapis.com is enabled... 
[debug] [2025-03-22T00:44:07.589Z] Checked if tokens are valid: true, expires at: 1742607775307
[debug] [2025-03-22T00:44:07.589Z] Checked if tokens are valid: true, expires at: 1742607775307
[debug] [2025-03-22T00:44:07.590Z] >>> [apiv2][query] GET https://serviceusage.googleapis.com/v1/projects/svelte-shop-b36e0/services/firebasestorage.googleapis.com [none]
[debug] [2025-03-22T00:44:07.590Z] >>> [apiv2][(partial)header] GET https://serviceusage.googleapis.com/v1/projects/svelte-shop-b36e0/services/firebasestorage.googleapis.com x-goog-quota-user=projects/svelte-shop-b36e0
[debug] [2025-03-22T00:44:09.018Z] <<< [apiv2][status] GET https://serviceusage.googleapis.com/v1/projects/svelte-shop-b36e0/services/firebasestorage.googleapis.com 200
[debug] [2025-03-22T00:44:09.018Z] <<< [apiv2][body] GET https://serviceusage.googleapis.com/v1/projects/svelte-shop-b36e0/services/firebasestorage.googleapis.com [omitted]
[info] +  storage: required API firebasestorage.googleapis.com is enabled 
[debug] [2025-03-22T00:44:09.019Z] Checked if tokens are valid: true, expires at: 1742607775307
[debug] [2025-03-22T00:44:09.019Z] Checked if tokens are valid: true, expires at: 1742607775307
[debug] [2025-03-22T00:44:09.019Z] >>> [apiv2][query] GET https://firebasestorage.googleapis.com/v1alpha/projects/svelte-shop-b36e0/defaultBucket [none]
[debug] [2025-03-22T00:44:10.555Z] <<< [apiv2][status] GET https://firebasestorage.googleapis.com/v1alpha/projects/svelte-shop-b36e0/defaultBucket 200
[debug] [2025-03-22T00:44:10.555Z] <<< [apiv2][body] GET https://firebasestorage.googleapis.com/v1alpha/projects/svelte-shop-b36e0/defaultBucket {"name":"projects/svelte-shop-b36e0/defaultBucket","location":"US-CENTRAL1","bucket":{"name":"projects/svelte-shop-b36e0/buckets/svelte-shop-b36e0.firebasestorage.app"},"storageClass":"REGIONAL"}
[debug] [2025-03-22T00:44:10.888Z] TypeError [ERR_INVALID_ARG_TYPE]: The "path" argument must be of type string. Received undefined
    at Object.join (node:path:478:7)
    at Config.path (C:\Users\Dan\AppData\Local\nvm\v22.13.1\node_modules\firebase-tools\lib\config.js:130:45)
    at RulesDeploy.addFile (C:\Users\Dan\AppData\Local\nvm\v22.13.1\node_modules\firebase-tools\lib\rulesDeploy.js:37:46)
    at default_1 (C:\Users\Dan\AppData\Local\nvm\v22.13.1\node_modules\firebase-tools\lib\deploy\storage\prepare.js:39:25)
    at process.processTicksAndRejections (node:internal/process/task_queues:105:5)
    at async chain (C:\Users\Dan\AppData\Local\nvm\v22.13.1\node_modules\firebase-tools\lib\deploy\index.js:40:9)
    at async deploy (C:\Users\Dan\AppData\Local\nvm\v22.13.1\node_modules\firebase-tools\lib\deploy\index.js:100:5)
[error] 
[error] Error: An unexpected error has occurred.
